<?xml version="1.0" encoding="UTF-8"?>
<!-- Generated by org.testng.reporters.JUnitReportReporter -->
<testsuite hostname="DESKTOP-6ULLC0G" failures="0" tests="1" name="TestCases.VerifySignUpPage" time="38.984" errors="0" timestamp="2022-07-12T20:11:00 IST" skipped="0">
  <testcase classname="TestCases.VerifySignUpPage" name="signup" time="38.984"/>
  <system-out/>
</testsuite> <!-- TestCases.VerifySignUpPage -->
