<?xml version="1.0" encoding="UTF-8"?>
<!-- Generated by org.testng.reporters.JUnitReportReporter -->
<testsuite hostname="DESKTOP-6ULLC0G" failures="0" tests="2" name="TestCases.VerifyLoginPage" time="28.590" errors="0" timestamp="2022-07-12T20:06:56 IST" skipped="0">
  <testcase classname="TestCases.VerifyLoginPage" name="loginverification" time="14.859"/>
  <system-out/>
  <testcase classname="TestCases.VerifyLoginPage" name="loginverification" time="13.731"/>
  <system-out/>
</testsuite> <!-- TestCases.VerifyLoginPage -->
